\BOOKMARK [0][-]{chapter.1}{\376\377\000N\000a\000m\000e\000s\000p\000a\000c\000e\000\040\000I\000n\000d\000e\000x}{}
\BOOKMARK [1][-]{section.1.1}{\376\377\000P\000a\000c\000k\000a\000g\000e\000s}{chapter.1}
\BOOKMARK [0][-]{chapter.2}{\376\377\000C\000l\000a\000s\000s\000\040\000I\000n\000d\000e\000x}{}
\BOOKMARK [1][-]{section.2.1}{\376\377\000C\000l\000a\000s\000s\000\040\000L\000i\000s\000t}{chapter.2}
\BOOKMARK [0][-]{chapter.3}{\376\377\000F\000i\000l\000e\000\040\000I\000n\000d\000e\000x}{}
\BOOKMARK [1][-]{section.3.1}{\376\377\000F\000i\000l\000e\000\040\000L\000i\000s\000t}{chapter.3}
\BOOKMARK [0][-]{chapter.4}{\376\377\000N\000a\000m\000e\000s\000p\000a\000c\000e\000\040\000D\000o\000c\000u\000m\000e\000n\000t\000a\000t\000i\000o\000n}{}
\BOOKMARK [1][-]{section.4.1}{\376\377\000P\000a\000c\000k\000a\000g\000e\000\040\000e\000d\000u}{chapter.4}
\BOOKMARK [1][-]{section.4.2}{\376\377\000P\000a\000c\000k\000a\000g\000e\000\040\000e\000d\000u\000.\000i\000l\000l\000i\000n\000o\000i\000s}{chapter.4}
\BOOKMARK [1][-]{section.4.3}{\376\377\000P\000a\000c\000k\000a\000g\000e\000\040\000e\000d\000u\000.\000i\000l\000l\000i\000n\000o\000i\000s\000.\000c\000a\000n\000i\000s\000t\000e\000l\000C\000a\000s\000s\000a\000b\000a\000n\000a\000n\000a}{chapter.4}
\BOOKMARK [1][-]{section.4.4}{\376\377\000P\000a\000c\000k\000a\000g\000e\000\040\000e\000d\000u\000.\000i\000l\000l\000i\000n\000o\000i\000s\000.\000c\000a\000n\000i\000s\000t\000e\000l\000C\000a\000s\000s\000a\000b\000a\000n\000a\000n\000a\000.\000u\000t\000i\000l\000i\000t\000y}{chapter.4}
\BOOKMARK [1][-]{section.4.5}{\376\377\000P\000a\000c\000k\000a\000g\000e\000\040\000e\000d\000u\000.\000i\000l\000l\000i\000n\000o\000i\000s\000.\000c\000a\000n\000i\000s\000t\000e\000l\000C\000a\000s\000s\000a\000b\000a\000n\000a\000n\000a\000.\000v\000i\000s\000i\000t\000o\000r\000s}{chapter.4}
\BOOKMARK [0][-]{chapter.5}{\376\377\000C\000l\000a\000s\000s\000\040\000D\000o\000c\000u\000m\000e\000n\000t\000a\000t\000i\000o\000n}{}
\BOOKMARK [1][-]{section.5.1}{\376\377\000e\000d\000u\000.\000i\000l\000l\000i\000n\000o\000i\000s\000.\000c\000a\000n\000i\000s\000t\000e\000l\000C\000a\000s\000s\000a\000b\000a\000n\000a\000n\000a\000.\000A\000c\000t\000i\000v\000a\000t\000o\000r\000\040\000C\000l\000a\000s\000s\000\040\000R\000e\000f\000e\000r\000e\000n\000c\000e}{chapter.5}
\BOOKMARK [2][-]{subsection.5.1.1}{\376\377\000D\000e\000t\000a\000i\000l\000e\000d\000\040\000D\000e\000s\000c\000r\000i\000p\000t\000i\000o\000n}{section.5.1}
\BOOKMARK [2][-]{subsection.5.1.2}{\376\377\000C\000o\000n\000s\000t\000r\000u\000c\000t\000o\000r\000\040\000\046\000\040\000D\000e\000s\000t\000r\000u\000c\000t\000o\000r\000\040\000D\000o\000c\000u\000m\000e\000n\000t\000a\000t\000i\000o\000n}{section.5.1}
\BOOKMARK [3][-]{subsubsection.5.1.2.1}{\376\377\000A\000c\000t\000i\000v\000a\000t\000o\000r}{subsection.5.1.2}
\BOOKMARK [2][-]{subsection.5.1.3}{\376\377\000M\000e\000m\000b\000e\000r\000\040\000F\000u\000n\000c\000t\000i\000o\000n\000\040\000D\000o\000c\000u\000m\000e\000n\000t\000a\000t\000i\000o\000n}{section.5.1}
\BOOKMARK [3][-]{subsubsection.5.1.3.1}{\376\377\000g\000e\000t\000D\000e\000f\000a\000u\000l\000t}{subsection.5.1.3}
\BOOKMARK [3][-]{subsubsection.5.1.3.2}{\376\377\000s\000t\000a\000r\000t}{subsection.5.1.3}
\BOOKMARK [3][-]{subsubsection.5.1.3.3}{\376\377\000s\000t\000o\000p}{subsection.5.1.3}
\BOOKMARK [2][-]{subsection.5.1.4}{\376\377\000M\000e\000m\000b\000e\000r\000\040\000D\000a\000t\000a\000\040\000D\000o\000c\000u\000m\000e\000n\000t\000a\000t\000i\000o\000n}{section.5.1}
\BOOKMARK [3][-]{subsubsection.5.1.4.1}{\376\377\000p\000l\000u\000g\000i\000n}{subsection.5.1.4}
\BOOKMARK [3][-]{subsubsection.5.1.4.2}{\376\377\000P\000L\000U\000G\000I\000N\000\137\000I\000D}{subsection.5.1.4}
\BOOKMARK [1][-]{section.5.2}{\376\377\000e\000d\000u\000.\000i\000l\000l\000i\000n\000o\000i\000s\000.\000c\000a\000n\000i\000s\000t\000e\000l\000C\000a\000s\000s\000a\000b\000a\000n\000a\000n\000a\000.\000v\000i\000s\000i\000t\000o\000r\000s\000.\000A\000s\000s\000i\000g\000n\000m\000e\000n\000t\000E\000x\000p\000r\000e\000s\000s\000i\000o\000n\000V\000i\000s\000i\000t\000o\000r\000\040\000C\000l\000a\000s\000s\000\040\000R\000e\000f\000e\000r\000e\000n\000c\000e}{chapter.5}
\BOOKMARK [2][-]{subsection.5.2.1}{\376\377\000D\000e\000t\000a\000i\000l\000e\000d\000\040\000D\000e\000s\000c\000r\000i\000p\000t\000i\000o\000n}{section.5.2}
\BOOKMARK [2][-]{subsection.5.2.2}{\376\377\000C\000o\000n\000s\000t\000r\000u\000c\000t\000o\000r\000\040\000\046\000\040\000D\000e\000s\000t\000r\000u\000c\000t\000o\000r\000\040\000D\000o\000c\000u\000m\000e\000n\000t\000a\000t\000i\000o\000n}{section.5.2}
\BOOKMARK [3][-]{subsubsection.5.2.2.1}{\376\377\000A\000s\000s\000i\000g\000n\000m\000e\000n\000t\000E\000x\000p\000r\000e\000s\000s\000i\000o\000n\000V\000i\000s\000i\000t\000o\000r}{subsection.5.2.2}
\BOOKMARK [2][-]{subsection.5.2.3}{\376\377\000M\000e\000m\000b\000e\000r\000\040\000F\000u\000n\000c\000t\000i\000o\000n\000\040\000D\000o\000c\000u\000m\000e\000n\000t\000a\000t\000i\000o\000n}{section.5.2}
\BOOKMARK [3][-]{subsubsection.5.2.3.1}{\376\377\000g\000e\000t\000L\000e\000f\000t\000H\000a\000n\000d\000S\000i\000d\000e\000A\000s\000s\000i\000g\000m\000e\000n\000t\000E\000x\000p\000r\000e\000s\000s\000i\000o\000n\000s}{subsection.5.2.3}
\BOOKMARK [3][-]{subsubsection.5.2.3.2}{\376\377\000g\000e\000t\000R\000i\000g\000h\000t\000H\000a\000n\000d\000S\000i\000d\000e\000A\000s\000s\000i\000g\000n\000m\000e\000n\000t\000E\000x\000p\000r\000e\000s\000s\000i\000o\000n\000s}{subsection.5.2.3}
\BOOKMARK [3][-]{subsubsection.5.2.3.3}{\376\377\000v\000i\000s\000i\000t}{subsection.5.2.3}
\BOOKMARK [2][-]{subsection.5.2.4}{\376\377\000M\000e\000m\000b\000e\000r\000\040\000D\000a\000t\000a\000\040\000D\000o\000c\000u\000m\000e\000n\000t\000a\000t\000i\000o\000n}{section.5.2}
\BOOKMARK [3][-]{subsubsection.5.2.4.1}{\376\377\000l\000e\000f\000t\000H\000a\000n\000d\000S\000i\000d\000e\000A\000s\000s\000i\000g\000n\000m\000e\000n\000t\000E\000x\000p\000r\000e\000s\000s\000i\000o\000n\000s}{subsection.5.2.4}
\BOOKMARK [3][-]{subsubsection.5.2.4.2}{\376\377\000r\000i\000g\000h\000t\000H\000a\000n\000d\000S\000i\000d\000e\000A\000s\000s\000i\000g\000n\000m\000e\000n\000t\000E\000x\000p\000r\000e\000s\000s\000i\000o\000n\000s}{subsection.5.2.4}
\BOOKMARK [1][-]{section.5.3}{\376\377\000e\000d\000u\000.\000i\000l\000l\000i\000n\000o\000i\000s\000.\000c\000a\000n\000i\000s\000t\000e\000l\000C\000a\000s\000s\000a\000b\000a\000n\000a\000n\000a\000.\000v\000i\000s\000i\000t\000o\000r\000s\000.\000C\000o\000n\000s\000t\000r\000u\000c\000t\000o\000r\000D\000e\000c\000l\000a\000r\000a\000t\000i\000o\000n\000V\000i\000s\000i\000t\000o\000r\000\040\000C\000l\000a\000s\000s\000\040\000R\000e\000f\000e\000r\000e\000n\000c\000e}{chapter.5}
\BOOKMARK [2][-]{subsection.5.3.1}{\376\377\000D\000e\000t\000a\000i\000l\000e\000d\000\040\000D\000e\000s\000c\000r\000i\000p\000t\000i\000o\000n}{section.5.3}
\BOOKMARK [2][-]{subsection.5.3.2}{\376\377\000C\000o\000n\000s\000t\000r\000u\000c\000t\000o\000r\000\040\000\046\000\040\000D\000e\000s\000t\000r\000u\000c\000t\000o\000r\000\040\000D\000o\000c\000u\000m\000e\000n\000t\000a\000t\000i\000o\000n}{section.5.3}
\BOOKMARK [3][-]{subsubsection.5.3.2.1}{\376\377\000C\000o\000n\000s\000t\000r\000u\000c\000t\000o\000r\000D\000e\000c\000l\000a\000r\000a\000t\000i\000o\000n\000V\000i\000s\000i\000t\000o\000r}{subsection.5.3.2}
\BOOKMARK [2][-]{subsection.5.3.3}{\376\377\000M\000e\000m\000b\000e\000r\000\040\000F\000u\000n\000c\000t\000i\000o\000n\000\040\000D\000o\000c\000u\000m\000e\000n\000t\000a\000t\000i\000o\000n}{section.5.3}
\BOOKMARK [3][-]{subsubsection.5.3.3.1}{\376\377\000g\000e\000t\000C\000o\000n\000s\000t\000r\000u\000c\000t\000o\000r\000D\000e\000c\000l\000a\000r\000a\000t\000i\000o\000n\000s}{subsection.5.3.3}
\BOOKMARK [3][-]{subsubsection.5.3.3.2}{\376\377\000v\000i\000s\000i\000t}{subsection.5.3.3}
\BOOKMARK [2][-]{subsection.5.3.4}{\376\377\000M\000e\000m\000b\000e\000r\000\040\000D\000a\000t\000a\000\040\000D\000o\000c\000u\000m\000e\000n\000t\000a\000t\000i\000o\000n}{section.5.3}
\BOOKMARK [3][-]{subsubsection.5.3.4.1}{\376\377\000c\000o\000n\000s\000t\000r\000u\000c\000t\000o\000r\000D\000e\000c\000l\000a\000r\000a\000t\000i\000o\000n\000s}{subsection.5.3.4}
\BOOKMARK [1][-]{section.5.4}{\376\377\000e\000d\000u\000.\000i\000l\000l\000i\000n\000o\000i\000s\000.\000c\000a\000n\000i\000s\000t\000e\000l\000C\000a\000s\000s\000a\000b\000a\000n\000a\000n\000a\000.\000v\000i\000s\000i\000t\000o\000r\000s\000.\000C\000o\000n\000s\000t\000r\000u\000c\000t\000o\000r\000I\000n\000v\000o\000c\000a\000t\000i\000o\000n\000V\000i\000s\000i\000t\000o\000r\000\040\000C\000l\000a\000s\000s\000\040\000R\000e\000f\000e\000r\000e\000n\000c\000e}{chapter.5}
\BOOKMARK [2][-]{subsection.5.4.1}{\376\377\000D\000e\000t\000a\000i\000l\000e\000d\000\040\000D\000e\000s\000c\000r\000i\000p\000t\000i\000o\000n}{section.5.4}
\BOOKMARK [2][-]{subsection.5.4.2}{\376\377\000C\000o\000n\000s\000t\000r\000u\000c\000t\000o\000r\000\040\000\046\000\040\000D\000e\000s\000t\000r\000u\000c\000t\000o\000r\000\040\000D\000o\000c\000u\000m\000e\000n\000t\000a\000t\000i\000o\000n}{section.5.4}
\BOOKMARK [3][-]{subsubsection.5.4.2.1}{\376\377\000C\000o\000n\000s\000t\000r\000u\000c\000t\000o\000r\000I\000n\000v\000o\000c\000a\000t\000i\000o\000n\000V\000i\000s\000i\000t\000o\000r}{subsection.5.4.2}
\BOOKMARK [2][-]{subsection.5.4.3}{\376\377\000M\000e\000m\000b\000e\000r\000\040\000F\000u\000n\000c\000t\000i\000o\000n\000\040\000D\000o\000c\000u\000m\000e\000n\000t\000a\000t\000i\000o\000n}{section.5.4}
\BOOKMARK [3][-]{subsubsection.5.4.3.1}{\376\377\000g\000e\000t\000C\000o\000n\000s\000t\000r\000u\000c\000t\000o\000r\000I\000n\000v\000o\000c\000a\000t\000i\000o\000n\000s}{subsection.5.4.3}
\BOOKMARK [3][-]{subsubsection.5.4.3.2}{\376\377\000v\000i\000s\000i\000t}{subsection.5.4.3}
\BOOKMARK [2][-]{subsection.5.4.4}{\376\377\000M\000e\000m\000b\000e\000r\000\040\000D\000a\000t\000a\000\040\000D\000o\000c\000u\000m\000e\000n\000t\000a\000t\000i\000o\000n}{section.5.4}
\BOOKMARK [3][-]{subsubsection.5.4.4.1}{\376\377\000c\000o\000n\000s\000t\000r\000u\000c\000t\000o\000r\000I\000n\000v\000o\000c\000a\000t\000i\000o\000n\000s}{subsection.5.4.4}
\BOOKMARK [1][-]{section.5.5}{\376\377\000e\000d\000u\000.\000i\000l\000l\000i\000n\000o\000i\000s\000.\000c\000a\000n\000i\000s\000t\000e\000l\000C\000a\000s\000s\000a\000b\000a\000n\000a\000n\000a\000.\000v\000i\000s\000i\000t\000o\000r\000s\000.\000F\000i\000e\000l\000d\000V\000a\000r\000i\000a\000b\000l\000e\000V\000i\000s\000i\000t\000o\000r\000\040\000C\000l\000a\000s\000s\000\040\000R\000e\000f\000e\000r\000e\000n\000c\000e}{chapter.5}
\BOOKMARK [2][-]{subsection.5.5.1}{\376\377\000D\000e\000t\000a\000i\000l\000e\000d\000\040\000D\000e\000s\000c\000r\000i\000p\000t\000i\000o\000n}{section.5.5}
\BOOKMARK [2][-]{subsection.5.5.2}{\376\377\000C\000o\000n\000s\000t\000r\000u\000c\000t\000o\000r\000\040\000\046\000\040\000D\000e\000s\000t\000r\000u\000c\000t\000o\000r\000\040\000D\000o\000c\000u\000m\000e\000n\000t\000a\000t\000i\000o\000n}{section.5.5}
\BOOKMARK [3][-]{subsubsection.5.5.2.1}{\376\377\000F\000i\000e\000l\000d\000V\000a\000r\000i\000a\000b\000l\000e\000V\000i\000s\000i\000t\000o\000r}{subsection.5.5.2}
\BOOKMARK [2][-]{subsection.5.5.3}{\376\377\000M\000e\000m\000b\000e\000r\000\040\000F\000u\000n\000c\000t\000i\000o\000n\000\040\000D\000o\000c\000u\000m\000e\000n\000t\000a\000t\000i\000o\000n}{section.5.5}
\BOOKMARK [3][-]{subsubsection.5.5.3.1}{\376\377\000g\000e\000t\000F\000i\000e\000l\000d\000A\000s\000s\000i\000g\000n\000m\000e\000n\000t\000S\000t\000a\000t\000e\000m\000e\000n\000t\000s}{subsection.5.5.3}
\BOOKMARK [3][-]{subsubsection.5.5.3.2}{\376\377\000g\000e\000t\000F\000i\000e\000l\000d\000s}{subsection.5.5.3}
\BOOKMARK [3][-]{subsubsection.5.5.3.3}{\376\377\000s\000e\000t\000F\000i\000e\000l\000d\000A\000s\000s\000i\000g\000n\000m\000e\000n\000t\000S\000t\000a\000t\000e\000m\000e\000n\000t\000s}{subsection.5.5.3}
\BOOKMARK [3][-]{subsubsection.5.5.3.4}{\376\377\000v\000i\000s\000i\000t}{subsection.5.5.3}
\BOOKMARK [2][-]{subsection.5.5.4}{\376\377\000M\000e\000m\000b\000e\000r\000\040\000D\000a\000t\000a\000\040\000D\000o\000c\000u\000m\000e\000n\000t\000a\000t\000i\000o\000n}{section.5.5}
\BOOKMARK [3][-]{subsubsection.5.5.4.1}{\376\377\000f\000i\000e\000l\000d\000A\000s\000s\000i\000g\000n\000m\000e\000n\000t\000S\000t\000a\000t\000e\000m\000e\000n\000t\000s}{subsection.5.5.4}
\BOOKMARK [3][-]{subsubsection.5.5.4.2}{\376\377\000f\000i\000e\000l\000d\000s}{subsection.5.5.4}
\BOOKMARK [1][-]{section.5.6}{\376\377\000e\000d\000u\000.\000i\000l\000l\000i\000n\000o\000i\000s\000.\000c\000a\000n\000i\000s\000t\000e\000l\000C\000a\000s\000s\000a\000b\000a\000n\000a\000n\000a\000.\000R\000e\000m\000o\000v\000e\000D\000u\000p\000l\000i\000c\000a\000t\000e\000C\000o\000d\000e\000I\000n\000C\000o\000n\000s\000t\000r\000u\000c\000t\000o\000r\000s\000A\000c\000t\000i\000o\000n\000\040\000C\000l\000a\000s\000s\000\040\000R\000e\000f\000e\000r\000e\000n\000c\000e}{chapter.5}
\BOOKMARK [2][-]{subsection.5.6.1}{\376\377\000D\000e\000t\000a\000i\000l\000e\000d\000\040\000D\000e\000s\000c\000r\000i\000p\000t\000i\000o\000n}{section.5.6}
\BOOKMARK [2][-]{subsection.5.6.2}{\376\377\000M\000e\000m\000b\000e\000r\000\040\000F\000u\000n\000c\000t\000i\000o\000n\000\040\000D\000o\000c\000u\000m\000e\000n\000t\000a\000t\000i\000o\000n}{section.5.6}
\BOOKMARK [3][-]{subsubsection.5.6.2.1}{\376\377\000d\000i\000s\000p\000o\000s\000e}{subsection.5.6.2}
\BOOKMARK [3][-]{subsubsection.5.6.2.2}{\376\377\000i\000n\000i\000t}{subsection.5.6.2}
\BOOKMARK [3][-]{subsubsection.5.6.2.3}{\376\377\000l\000a\000u\000n\000c\000h\000R\000e\000f\000a\000c\000t\000o\000r\000i\000n\000g}{subsection.5.6.2}
\BOOKMARK [3][-]{subsubsection.5.6.2.4}{\376\377\000r\000e\000f\000a\000c\000t\000o\000r\000T\000r\000e\000e\000S\000e\000l\000e\000c\000t\000i\000o\000n}{subsection.5.6.2}
\BOOKMARK [3][-]{subsubsection.5.6.2.5}{\376\377\000r\000u\000n}{subsection.5.6.2}
\BOOKMARK [3][-]{subsubsection.5.6.2.6}{\376\377\000s\000e\000l\000e\000c\000t\000i\000o\000n\000C\000h\000a\000n\000g\000e\000d}{subsection.5.6.2}
\BOOKMARK [2][-]{subsection.5.6.3}{\376\377\000M\000e\000m\000b\000e\000r\000\040\000D\000a\000t\000a\000\040\000D\000o\000c\000u\000m\000e\000n\000t\000a\000t\000i\000o\000n}{section.5.6}
\BOOKMARK [3][-]{subsubsection.5.6.3.1}{\376\377\000u\000n\000i\000t}{subsection.5.6.3}
\BOOKMARK [3][-]{subsubsection.5.6.3.2}{\376\377\000w\000i\000n\000d\000o\000w}{subsection.5.6.3}
\BOOKMARK [1][-]{section.5.7}{\376\377\000e\000d\000u\000.\000i\000l\000l\000i\000n\000o\000i\000s\000.\000c\000a\000n\000i\000s\000t\000e\000l\000C\000a\000s\000s\000a\000b\000a\000n\000a\000n\000a\000.\000R\000e\000m\000o\000v\000e\000D\000u\000p\000l\000i\000c\000a\000t\000e\000C\000o\000d\000e\000I\000n\000C\000o\000n\000s\000t\000r\000u\000c\000t\000o\000r\000s\000C\000o\000n\000s\000t\000a\000n\000t\000s\000\040\000C\000l\000a\000s\000s\000\040\000R\000e\000f\000e\000r\000e\000n\000c\000e}{chapter.5}
\BOOKMARK [2][-]{subsection.5.7.1}{\376\377\000D\000e\000t\000a\000i\000l\000e\000d\000\040\000D\000e\000s\000c\000r\000i\000p\000t\000i\000o\000n}{section.5.7}
\BOOKMARK [2][-]{subsection.5.7.2}{\376\377\000M\000e\000m\000b\000e\000r\000\040\000D\000a\000t\000a\000\040\000D\000o\000c\000u\000m\000e\000n\000t\000a\000t\000i\000o\000n}{section.5.7}
\BOOKMARK [3][-]{subsubsection.5.7.2.1}{\376\377\000C\000H\000E\000C\000K\000I\000N\000G\000\137\000P\000R\000E\000C\000O\000N\000D\000I\000T\000I\000O\000N\000S\000\137\000M\000E\000S\000S\000A\000G\000E}{subsection.5.7.2}
\BOOKMARK [3][-]{subsubsection.5.7.2.2}{\376\377\000N\000O\000\137\000C\000O\000N\000S\000T\000R\000U\000C\000T\000O\000R\000S\000\137\000M\000E\000S\000S\000A\000G\000E}{subsection.5.7.2}
\BOOKMARK [3][-]{subsubsection.5.7.2.3}{\376\377\000N\000O\000\137\000D\000U\000P\000L\000I\000C\000A\000T\000E\000\137\000C\000O\000D\000E\000\137\000M\000E\000S\000S\000A\000G\000E}{subsection.5.7.2}
\BOOKMARK [3][-]{subsubsection.5.7.2.4}{\376\377\000N\000U\000L\000L\000\137\000C\000O\000N\000S\000T\000R\000U\000C\000T\000O\000R\000S\000\137\000M\000E\000S\000S\000A\000G\000E}{subsection.5.7.2}
\BOOKMARK [3][-]{subsubsection.5.7.2.5}{\376\377\000O\000N\000E\000\137\000C\000O\000N\000S\000T\000R\000U\000C\000T\000O\000R\000\137\000M\000E\000S\000S\000A\000G\000E}{subsection.5.7.2}
\BOOKMARK [3][-]{subsubsection.5.7.2.6}{\376\377\000R\000E\000F\000A\000C\000T\000O\000R\000I\000N\000G\000\137\000D\000E\000S\000C\000R\000I\000P\000T\000I\000O\000N}{subsection.5.7.2}
\BOOKMARK [3][-]{subsubsection.5.7.2.7}{\376\377\000R\000E\000F\000A\000C\000T\000O\000R\000I\000N\000G\000\137\000I\000D}{subsection.5.7.2}
\BOOKMARK [3][-]{subsubsection.5.7.2.8}{\376\377\000R\000E\000F\000A\000C\000T\000O\000R\000I\000N\000G\000\137\000N\000A\000M\000E}{subsection.5.7.2}
\BOOKMARK [3][-]{subsubsection.5.7.2.9}{\376\377\000U\000N\000A\000B\000L\000E\000\137\000T\000O\000\137\000R\000E\000F\000A\000C\000T\000O\000R}{subsection.5.7.2}
\BOOKMARK [3][-]{subsubsection.5.7.2.10}{\376\377\000U\000N\000E\000X\000P\000E\000C\000T\000E\000D\000\137\000E\000R\000R\000O\000R\000\137\000M\000E\000S\000S\000A\000G\000E}{subsection.5.7.2}
\BOOKMARK [1][-]{section.5.8}{\376\377\000e\000d\000u\000.\000i\000l\000l\000i\000n\000o\000i\000s\000.\000c\000a\000n\000i\000s\000t\000e\000l\000C\000a\000s\000s\000a\000b\000a\000n\000a\000n\000a\000.\000R\000e\000m\000o\000v\000e\000D\000u\000p\000l\000i\000c\000a\000t\000e\000C\000o\000d\000e\000I\000n\000C\000o\000n\000s\000t\000r\000u\000c\000t\000o\000r\000s\000D\000e\000s\000c\000r\000i\000p\000t\000o\000r\000\040\000C\000l\000a\000s\000s\000\040\000R\000e\000f\000e\000r\000e\000n\000c\000e}{chapter.5}
\BOOKMARK [2][-]{subsection.5.8.1}{\376\377\000D\000e\000t\000a\000i\000l\000e\000d\000\040\000D\000e\000s\000c\000r\000i\000p\000t\000i\000o\000n}{section.5.8}
\BOOKMARK [2][-]{subsection.5.8.2}{\376\377\000C\000o\000n\000s\000t\000r\000u\000c\000t\000o\000r\000\040\000\046\000\040\000D\000e\000s\000t\000r\000u\000c\000t\000o\000r\000\040\000D\000o\000c\000u\000m\000e\000n\000t\000a\000t\000i\000o\000n}{section.5.8}
\BOOKMARK [3][-]{subsubsection.5.8.2.1}{\376\377\000R\000e\000m\000o\000v\000e\000D\000u\000p\000l\000i\000c\000a\000t\000e\000C\000o\000d\000e\000I\000n\000C\000o\000n\000s\000t\000r\000u\000c\000t\000o\000r\000s\000D\000e\000s\000c\000r\000i\000p\000t\000o\000r}{subsection.5.8.2}
\BOOKMARK [2][-]{subsection.5.8.3}{\376\377\000M\000e\000m\000b\000e\000r\000\040\000F\000u\000n\000c\000t\000i\000o\000n\000\040\000D\000o\000c\000u\000m\000e\000n\000t\000a\000t\000i\000o\000n}{section.5.8}
\BOOKMARK [3][-]{subsubsection.5.8.3.1}{\376\377\000c\000r\000e\000a\000t\000e\000R\000e\000f\000a\000c\000t\000o\000r\000i\000n\000g}{subsection.5.8.3}
\BOOKMARK [3][-]{subsubsection.5.8.3.2}{\376\377\000g\000e\000t\000A\000r\000g\000u\000m\000e\000n\000t\000s}{subsection.5.8.3}
\BOOKMARK [2][-]{subsection.5.8.4}{\376\377\000M\000e\000m\000b\000e\000r\000\040\000D\000a\000t\000a\000\040\000D\000o\000c\000u\000m\000e\000n\000t\000a\000t\000i\000o\000n}{section.5.8}
\BOOKMARK [3][-]{subsubsection.5.8.4.1}{\376\377\000a\000r\000g\000u\000m\000e\000n\000t\000s}{subsection.5.8.4}
\BOOKMARK [3][-]{subsubsection.5.8.4.2}{\376\377\000R\000E\000F\000A\000C\000T\000O\000R\000I\000N\000G\000\137\000I\000D}{subsection.5.8.4}
\BOOKMARK [1][-]{section.5.9}{\376\377\000e\000d\000u\000.\000i\000l\000l\000i\000n\000o\000i\000s\000.\000c\000a\000n\000i\000s\000t\000e\000l\000C\000a\000s\000s\000a\000b\000a\000n\000a\000n\000a\000.\000R\000e\000m\000o\000v\000e\000D\000u\000p\000l\000i\000c\000a\000t\000e\000C\000o\000d\000e\000I\000n\000C\000o\000n\000s\000t\000r\000u\000c\000t\000o\000r\000s\000I\000n\000p\000u\000t\000P\000a\000g\000e\000\040\000C\000l\000a\000s\000s\000\040\000R\000e\000f\000e\000r\000e\000n\000c\000e}{chapter.5}
\BOOKMARK [2][-]{subsection.5.9.1}{\376\377\000D\000e\000t\000a\000i\000l\000e\000d\000\040\000D\000e\000s\000c\000r\000i\000p\000t\000i\000o\000n}{section.5.9}
\BOOKMARK [2][-]{subsection.5.9.2}{\376\377\000C\000o\000n\000s\000t\000r\000u\000c\000t\000o\000r\000\040\000\046\000\040\000D\000e\000s\000t\000r\000u\000c\000t\000o\000r\000\040\000D\000o\000c\000u\000m\000e\000n\000t\000a\000t\000i\000o\000n}{section.5.9}
\BOOKMARK [3][-]{subsubsection.5.9.2.1}{\376\377\000R\000e\000m\000o\000v\000e\000D\000u\000p\000l\000i\000c\000a\000t\000e\000C\000o\000d\000e\000I\000n\000C\000o\000n\000s\000t\000r\000u\000c\000t\000o\000r\000s\000I\000n\000p\000u\000t\000P\000a\000g\000e}{subsection.5.9.2}
\BOOKMARK [2][-]{subsection.5.9.3}{\376\377\000M\000e\000m\000b\000e\000r\000\040\000F\000u\000n\000c\000t\000i\000o\000n\000\040\000D\000o\000c\000u\000m\000e\000n\000t\000a\000t\000i\000o\000n}{section.5.9}
\BOOKMARK [3][-]{subsubsection.5.9.3.1}{\376\377\000b\000u\000i\000l\000d\000A\000c\000c\000e\000s\000s\000M\000o\000d\000i\000f\000i\000e\000r\000O\000p\000t\000i\000o\000n\000s}{subsection.5.9.3}
\BOOKMARK [3][-]{subsubsection.5.9.3.2}{\376\377\000b\000u\000i\000l\000d\000H\000e\000l\000p\000e\000r\000M\000e\000t\000h\000o\000d\000O\000p\000t\000i\000o\000n\000s}{subsection.5.9.3}
\BOOKMARK [3][-]{subsubsection.5.9.3.3}{\376\377\000c\000r\000e\000a\000t\000e\000C\000o\000n\000t\000r\000o\000l}{subsection.5.9.3}
\BOOKMARK [3][-]{subsubsection.5.9.3.4}{\376\377\000e\000n\000a\000b\000l\000e\000D\000i\000s\000a\000b\000l\000e\000H\000e\000l\000p\000e\000r\000M\000e\000t\000h\000o\000d\000T\000e\000x\000t\000B\000o\000x}{subsection.5.9.3}
\BOOKMARK [3][-]{subsubsection.5.9.3.5}{\376\377\000g\000e\000t\000H\000e\000l\000p\000e\000r\000M\000e\000t\000h\000o\000d\000C\000h\000e\000c\000k\000B\000o\000x\000L\000i\000s\000t\000e\000n\000e\000r}{subsection.5.9.3}
\BOOKMARK [3][-]{subsubsection.5.9.3.6}{\376\377\000g\000e\000t\000R\000e\000m\000o\000v\000e\000D\000u\000p\000l\000i\000c\000a\000t\000e\000C\000o\000d\000e\000I\000n\000C\000o\000n\000s\000t\000r\000u\000c\000t\000o\000r\000s\000R\000e\000f\000a\000c\000t\000o\000r\000i\000n\000g}{subsection.5.9.3}
\BOOKMARK [3][-]{subsubsection.5.9.3.7}{\376\377\000h\000a\000n\000d\000l\000e\000I\000n\000p\000u\000t}{subsection.5.9.3}
\BOOKMARK [2][-]{subsection.5.9.4}{\376\377\000M\000e\000m\000b\000e\000r\000\040\000D\000a\000t\000a\000\040\000D\000o\000c\000u\000m\000e\000n\000t\000a\000t\000i\000o\000n}{section.5.9}
\BOOKMARK [3][-]{subsubsection.5.9.4.1}{\376\377\000a\000c\000c\000e\000s\000s\000M\000o\000d\000i\000f\000i\000e\000r\000C\000o\000m\000b\000o\000B\000o\000x}{subsection.5.9.4}
\BOOKMARK [3][-]{subsubsection.5.9.4.2}{\376\377\000c\000o\000n\000s\000t\000r\000u\000c\000t\000o\000r\000s}{subsection.5.9.4}
\BOOKMARK [3][-]{subsubsection.5.9.4.3}{\376\377\000h\000e\000l\000p\000e\000r\000M\000e\000t\000h\000o\000d\000C\000h\000e\000c\000k\000B\000o\000x}{subsection.5.9.4}
\BOOKMARK [3][-]{subsubsection.5.9.4.4}{\376\377\000h\000e\000l\000p\000e\000r\000M\000e\000t\000h\000o\000d\000T\000e\000x\000t\000B\000o\000x}{subsection.5.9.4}
\BOOKMARK [3][-]{subsubsection.5.9.4.5}{\376\377\000r\000e\000f\000a\000c\000t\000o\000r\000i\000n\000g}{subsection.5.9.4}
\BOOKMARK [1][-]{section.5.10}{\376\377\000e\000d\000u\000.\000i\000l\000l\000i\000n\000o\000i\000s\000.\000c\000a\000n\000i\000s\000t\000e\000l\000C\000a\000s\000s\000a\000b\000a\000n\000a\000n\000a\000.\000R\000e\000m\000o\000v\000e\000D\000u\000p\000l\000i\000c\000a\000t\000e\000C\000o\000d\000e\000I\000n\000C\000o\000n\000s\000t\000r\000u\000c\000t\000o\000r\000s\000R\000e\000f\000a\000c\000t\000o\000r\000i\000n\000g\000\040\000C\000l\000a\000s\000s\000\040\000R\000e\000f\000e\000r\000e\000n\000c\000e}{chapter.5}
\BOOKMARK [2][-]{subsection.5.10.1}{\376\377\000D\000e\000t\000a\000i\000l\000e\000d\000\040\000D\000e\000s\000c\000r\000i\000p\000t\000i\000o\000n}{section.5.10}
\BOOKMARK [2][-]{subsection.5.10.2}{\376\377\000C\000o\000n\000s\000t\000r\000u\000c\000t\000o\000r\000\040\000\046\000\040\000D\000e\000s\000t\000r\000u\000c\000t\000o\000r\000\040\000D\000o\000c\000u\000m\000e\000n\000t\000a\000t\000i\000o\000n}{section.5.10}
\BOOKMARK [3][-]{subsubsection.5.10.2.1}{\376\377\000R\000e\000m\000o\000v\000e\000D\000u\000p\000l\000i\000c\000a\000t\000e\000C\000o\000d\000e\000I\000n\000C\000o\000n\000s\000t\000r\000u\000c\000t\000o\000r\000s\000R\000e\000f\000a\000c\000t\000o\000r\000i\000n\000g}{subsection.5.10.2}
\BOOKMARK [3][-]{subsubsection.5.10.2.2}{\376\377\000R\000e\000m\000o\000v\000e\000D\000u\000p\000l\000i\000c\000a\000t\000e\000C\000o\000d\000e\000I\000n\000C\000o\000n\000s\000t\000r\000u\000c\000t\000o\000r\000s\000R\000e\000f\000a\000c\000t\000o\000r\000i\000n\000g}{subsection.5.10.2}
\BOOKMARK [3][-]{subsubsection.5.10.2.3}{\376\377\000R\000e\000m\000o\000v\000e\000D\000u\000p\000l\000i\000c\000a\000t\000e\000C\000o\000d\000e\000I\000n\000C\000o\000n\000s\000t\000r\000u\000c\000t\000o\000r\000s\000R\000e\000f\000a\000c\000t\000o\000r\000i\000n\000g}{subsection.5.10.2}
\BOOKMARK [2][-]{subsection.5.10.3}{\376\377\000M\000e\000m\000b\000e\000r\000\040\000F\000u\000n\000c\000t\000i\000o\000n\000\040\000D\000o\000c\000u\000m\000e\000n\000t\000a\000t\000i\000o\000n}{section.5.10}
\BOOKMARK [3][-]{subsubsection.5.10.3.1}{\376\377\000c\000h\000e\000c\000k\000C\000o\000m\000p\000i\000l\000e\000E\000r\000r\000o\000r\000s}{subsection.5.10.3}
\BOOKMARK [3][-]{subsubsection.5.10.3.2}{\376\377\000c\000h\000e\000c\000k\000F\000i\000n\000a\000l\000C\000o\000n\000d\000i\000t\000i\000o\000n\000s}{subsection.5.10.3}
\BOOKMARK [3][-]{subsubsection.5.10.3.3}{\376\377\000c\000h\000e\000c\000k\000I\000n\000i\000t\000i\000a\000l\000C\000o\000n\000d\000i\000t\000i\000o\000n\000s}{subsection.5.10.3}
\BOOKMARK [3][-]{subsubsection.5.10.3.4}{\376\377\000c\000h\000e\000c\000k\000N\000u\000m\000b\000e\000r\000O\000f\000C\000o\000n\000s\000t\000r\000u\000c\000t\000o\000r\000s}{subsection.5.10.3}
\BOOKMARK [3][-]{subsubsection.5.10.3.5}{\376\377\000c\000o\000n\000s\000t\000r\000u\000c\000t\000o\000r\000s\000O\000v\000e\000r\000l\000a\000p\000A\000s\000s\000i\000g\000n\000m\000e\000n\000t\000s}{subsection.5.10.3}
\BOOKMARK [3][-]{subsubsection.5.10.3.6}{\376\377\000c\000r\000e\000a\000t\000e\000C\000h\000a\000n\000g\000e}{subsection.5.10.3}
\BOOKMARK [3][-]{subsubsection.5.10.3.7}{\376\377\000c\000r\000e\000a\000t\000e\000C\000o\000n\000s\000t\000r\000u\000c\000t\000o\000r\000B\000o\000d\000y}{subsection.5.10.3}
\BOOKMARK [3][-]{subsubsection.5.10.3.8}{\376\377\000c\000r\000e\000a\000t\000e\000D\000e\000f\000a\000u\000l\000t\000V\000a\000l\000u\000e}{subsection.5.10.3}
\BOOKMARK [3][-]{subsubsection.5.10.3.9}{\376\377\000c\000r\000e\000a\000t\000e\000M\000a\000s\000t\000e\000r\000C\000o\000n\000s\000t\000r\000u\000c\000t\000o\000r}{subsection.5.10.3}
\BOOKMARK [3][-]{subsubsection.5.10.3.10}{\376\377\000c\000r\000e\000a\000t\000e\000M\000a\000s\000t\000e\000r\000C\000o\000n\000s\000t\000r\000u\000c\000t\000o\000r\000C\000a\000l\000l}{subsection.5.10.3}
\BOOKMARK [3][-]{subsubsection.5.10.3.11}{\376\377\000g\000e\000t\000C\000o\000n\000s\000t\000r\000u\000c\000t\000o\000r\000C\000o\000n\000t\000a\000i\000n\000i\000n\000g\000A\000l\000l\000A\000s\000s\000i\000g\000n\000e\000d\000F\000i\000e\000l\000d\000s}{subsection.5.10.3}
\BOOKMARK [3][-]{subsubsection.5.10.3.12}{\376\377\000g\000e\000t\000C\000o\000n\000s\000t\000r\000u\000c\000t\000o\000r\000s}{subsection.5.10.3}
\BOOKMARK [3][-]{subsubsection.5.10.3.13}{\376\377\000g\000e\000t\000F\000i\000e\000l\000d\000A\000s\000s\000i\000g\000n\000m\000e\000n\000t\000s}{subsection.5.10.3}
\BOOKMARK [3][-]{subsubsection.5.10.3.14}{\376\377\000g\000e\000t\000F\000i\000e\000l\000d\000A\000s\000s\000i\000g\000n\000m\000e\000n\000t\000s\000I\000n\000C\000o\000n\000s\000t\000r\000u\000c\000t\000o\000r\000s}{subsection.5.10.3}
\BOOKMARK [3][-]{subsubsection.5.10.3.15}{\376\377\000g\000e\000t\000F\000i\000e\000l\000d\000s\000A\000s\000s\000i\000g\000n\000e\000d\000I\000n\000A\000n\000y\000C\000o\000n\000s\000t\000r\000u\000c\000t\000o\000r}{subsection.5.10.3}
\BOOKMARK [3][-]{subsubsection.5.10.3.16}{\376\377\000g\000e\000t\000N\000a\000m\000e}{subsection.5.10.3}
\BOOKMARK [3][-]{subsubsection.5.10.3.17}{\376\377\000i\000n\000i\000t\000i\000a\000l\000i\000z\000e\000C\000o\000n\000s\000t\000r\000u\000c\000t\000o\000r\000s}{subsection.5.10.3}
\BOOKMARK [3][-]{subsubsection.5.10.3.18}{\376\377\000i\000s\000E\000m\000p\000t\000y\000E\000d\000i\000t}{subsection.5.10.3}
\BOOKMARK [3][-]{subsubsection.5.10.3.19}{\376\377\000o\000t\000h\000e\000r\000C\000o\000n\000s\000t\000r\000u\000c\000t\000o\000r\000s\000C\000a\000l\000l\000C\000o\000n\000s\000t\000r\000u\000c\000t\000o\000r\000s}{subsection.5.10.3}
\BOOKMARK [3][-]{subsubsection.5.10.3.20}{\376\377\000r\000e\000m\000o\000v\000e\000F\000i\000n\000a\000l\000F\000i\000e\000l\000d\000A\000s\000s\000i\000g\000n\000m\000e\000n\000t\000s}{subsection.5.10.3}
\BOOKMARK [3][-]{subsubsection.5.10.3.21}{\376\377\000r\000e\000w\000r\000i\000t\000e\000A\000S\000T}{subsection.5.10.3}
\BOOKMARK [3][-]{subsubsection.5.10.3.22}{\376\377\000s\000e\000t\000A\000c\000c\000e\000s\000s\000M\000o\000d\000i\000f\000i\000e\000r}{subsection.5.10.3}
\BOOKMARK [3][-]{subsubsection.5.10.3.23}{\376\377\000s\000e\000t\000H\000e\000l\000p\000e\000r\000F\000u\000n\000c\000t\000i\000o\000n\000N\000a\000m\000e}{subsection.5.10.3}
\BOOKMARK [3][-]{subsubsection.5.10.3.24}{\376\377\000s\000e\000t\000U\000s\000e\000H\000e\000l\000p\000e\000r\000F\000u\000n\000c\000t\000i\000o\000n}{subsection.5.10.3}
\BOOKMARK [2][-]{subsection.5.10.4}{\376\377\000M\000e\000m\000b\000e\000r\000\040\000D\000a\000t\000a\000\040\000D\000o\000c\000u\000m\000e\000n\000t\000a\000t\000i\000o\000n}{section.5.10}
\BOOKMARK [3][-]{subsubsection.5.10.4.1}{\376\377\000a\000c\000c\000e\000s\000s\000M\000o\000d\000i\000f\000i\000e\000r}{subsection.5.10.4}
\BOOKMARK [3][-]{subsubsection.5.10.4.2}{\376\377\000a\000s\000t}{subsection.5.10.4}
\BOOKMARK [3][-]{subsubsection.5.10.4.3}{\376\377\000c\000h\000a\000n\000g\000e\000s}{subsection.5.10.4}
\BOOKMARK [3][-]{subsubsection.5.10.4.4}{\376\377\000c\000o\000m\000p\000i\000l\000a\000t\000i\000o\000n\000U\000n\000i\000t}{subsection.5.10.4}
\BOOKMARK [3][-]{subsubsection.5.10.4.5}{\376\377\000c\000o\000n\000s\000t\000r\000u\000c\000t\000o\000r\000D\000e\000c\000l\000a\000r\000a\000t\000i\000o\000n\000s}{subsection.5.10.4}
\BOOKMARK [3][-]{subsubsection.5.10.4.6}{\376\377\000c\000o\000n\000s\000t\000r\000u\000c\000t\000o\000r\000s}{subsection.5.10.4}
\BOOKMARK [3][-]{subsubsection.5.10.4.7}{\376\377\000f\000i\000e\000l\000d\000s\000I\000n\000C\000o\000n\000s\000t\000r\000u\000c\000t\000o\000r\000A\000s\000s\000i\000g\000n\000m\000e\000n\000t\000s}{subsection.5.10.4}
\BOOKMARK [3][-]{subsubsection.5.10.4.8}{\376\377\000h\000e\000l\000p\000e\000r\000F\000u\000n\000c\000t\000i\000o\000n\000N\000a\000m\000e}{subsection.5.10.4}
\BOOKMARK [3][-]{subsubsection.5.10.4.9}{\376\377\000p\000a\000r\000e\000n\000t}{subsection.5.10.4}
\BOOKMARK [3][-]{subsubsection.5.10.4.10}{\376\377\000u\000s\000e\000H\000e\000l\000p\000e\000r\000F\000u\000n\000c\000t\000i\000o\000n}{subsection.5.10.4}
\BOOKMARK [1][-]{section.5.11}{\376\377\000e\000d\000u\000.\000i\000l\000l\000i\000n\000o\000i\000s\000.\000c\000a\000n\000i\000s\000t\000e\000l\000C\000a\000s\000s\000a\000b\000a\000n\000a\000n\000a\000.\000R\000e\000m\000o\000v\000e\000D\000u\000p\000l\000i\000c\000a\000t\000e\000C\000o\000d\000e\000I\000n\000C\000o\000n\000s\000t\000r\000u\000c\000t\000o\000r\000s\000W\000i\000z\000a\000r\000d\000\040\000C\000l\000a\000s\000s\000\040\000R\000e\000f\000e\000r\000e\000n\000c\000e}{chapter.5}
\BOOKMARK [2][-]{subsection.5.11.1}{\376\377\000D\000e\000t\000a\000i\000l\000e\000d\000\040\000D\000e\000s\000c\000r\000i\000p\000t\000i\000o\000n}{section.5.11}
\BOOKMARK [2][-]{subsection.5.11.2}{\376\377\000C\000o\000n\000s\000t\000r\000u\000c\000t\000o\000r\000\040\000\046\000\040\000D\000e\000s\000t\000r\000u\000c\000t\000o\000r\000\040\000D\000o\000c\000u\000m\000e\000n\000t\000a\000t\000i\000o\000n}{section.5.11}
\BOOKMARK [3][-]{subsubsection.5.11.2.1}{\376\377\000R\000e\000m\000o\000v\000e\000D\000u\000p\000l\000i\000c\000a\000t\000e\000C\000o\000d\000e\000I\000n\000C\000o\000n\000s\000t\000r\000u\000c\000t\000o\000r\000s\000W\000i\000z\000a\000r\000d}{subsection.5.11.2}
\BOOKMARK [2][-]{subsection.5.11.3}{\376\377\000M\000e\000m\000b\000e\000r\000\040\000F\000u\000n\000c\000t\000i\000o\000n\000\040\000D\000o\000c\000u\000m\000e\000n\000t\000a\000t\000i\000o\000n}{section.5.11}
\BOOKMARK [3][-]{subsubsection.5.11.3.1}{\376\377\000a\000d\000d\000U\000s\000e\000r\000I\000n\000p\000u\000t\000P\000a\000g\000e\000s}{subsection.5.11.3}
\BOOKMARK [2][-]{subsection.5.11.4}{\376\377\000M\000e\000m\000b\000e\000r\000\040\000D\000a\000t\000a\000\040\000D\000o\000c\000u\000m\000e\000n\000t\000a\000t\000i\000o\000n}{section.5.11}
\BOOKMARK [3][-]{subsubsection.5.11.4.1}{\376\377\000c\000o\000n\000s\000t\000r\000u\000c\000t\000o\000r\000s}{subsection.5.11.4}
\BOOKMARK [1][-]{section.5.12}{\376\377\000e\000d\000u\000.\000i\000l\000l\000i\000n\000o\000i\000s\000.\000c\000a\000n\000i\000s\000t\000e\000l\000C\000a\000s\000s\000a\000b\000a\000n\000a\000n\000a\000.\000v\000i\000s\000i\000t\000o\000r\000s\000.\000T\000y\000p\000e\000D\000e\000c\000l\000a\000r\000a\000t\000i\000o\000n\000V\000i\000s\000i\000t\000o\000r\000\040\000C\000l\000a\000s\000s\000\040\000R\000e\000f\000e\000r\000e\000n\000c\000e}{chapter.5}
\BOOKMARK [2][-]{subsection.5.12.1}{\376\377\000D\000e\000t\000a\000i\000l\000e\000d\000\040\000D\000e\000s\000c\000r\000i\000p\000t\000i\000o\000n}{section.5.12}
\BOOKMARK [2][-]{subsection.5.12.2}{\376\377\000C\000o\000n\000s\000t\000r\000u\000c\000t\000o\000r\000\040\000\046\000\040\000D\000e\000s\000t\000r\000u\000c\000t\000o\000r\000\040\000D\000o\000c\000u\000m\000e\000n\000t\000a\000t\000i\000o\000n}{section.5.12}
\BOOKMARK [3][-]{subsubsection.5.12.2.1}{\376\377\000T\000y\000p\000e\000D\000e\000c\000l\000a\000r\000a\000t\000i\000o\000n\000V\000i\000s\000i\000t\000o\000r}{subsection.5.12.2}
\BOOKMARK [2][-]{subsection.5.12.3}{\376\377\000M\000e\000m\000b\000e\000r\000\040\000F\000u\000n\000c\000t\000i\000o\000n\000\040\000D\000o\000c\000u\000m\000e\000n\000t\000a\000t\000i\000o\000n}{section.5.12}
\BOOKMARK [3][-]{subsubsection.5.12.3.1}{\376\377\000g\000e\000t\000T\000y\000p\000e\000s}{subsection.5.12.3}
\BOOKMARK [3][-]{subsubsection.5.12.3.2}{\376\377\000v\000i\000s\000i\000t}{subsection.5.12.3}
\BOOKMARK [2][-]{subsection.5.12.4}{\376\377\000M\000e\000m\000b\000e\000r\000\040\000D\000a\000t\000a\000\040\000D\000o\000c\000u\000m\000e\000n\000t\000a\000t\000i\000o\000n}{section.5.12}
\BOOKMARK [3][-]{subsubsection.5.12.4.1}{\376\377\000t\000y\000p\000e\000s}{subsection.5.12.4}
\BOOKMARK [1][-]{section.5.13}{\376\377\000e\000d\000u\000.\000i\000l\000l\000i\000n\000o\000i\000s\000.\000c\000a\000n\000i\000s\000t\000e\000l\000C\000a\000s\000s\000a\000b\000a\000n\000a\000n\000a\000.\000u\000t\000i\000l\000i\000t\000y\000.\000U\000t\000i\000l\000i\000t\000y\000\040\000C\000l\000a\000s\000s\000\040\000R\000e\000f\000e\000r\000e\000n\000c\000e}{chapter.5}
\BOOKMARK [2][-]{subsection.5.13.1}{\376\377\000D\000e\000t\000a\000i\000l\000e\000d\000\040\000D\000e\000s\000c\000r\000i\000p\000t\000i\000o\000n}{section.5.13}
\BOOKMARK [2][-]{subsection.5.13.2}{\376\377\000M\000e\000m\000b\000e\000r\000\040\000F\000u\000n\000c\000t\000i\000o\000n\000\040\000D\000o\000c\000u\000m\000e\000n\000t\000a\000t\000i\000o\000n}{section.5.13}
\BOOKMARK [3][-]{subsubsection.5.13.2.1}{\376\377\000f\000u\000l\000l\000y\000Q\000u\000a\000l\000i\000f\000i\000e\000d\000N\000a\000m\000e}{subsection.5.13.2}
\BOOKMARK [3][-]{subsubsection.5.13.2.2}{\376\377\000g\000e\000t\000C\000o\000n\000s\000t\000r\000u\000c\000t\000o\000r\000s}{subsection.5.13.2}
\BOOKMARK [3][-]{subsubsection.5.13.2.3}{\376\377\000g\000e\000t\000P\000a\000i\000r\000s}{subsection.5.13.2}
\BOOKMARK [3][-]{subsubsection.5.13.2.4}{\376\377\000g\000e\000t\000P\000a\000r\000e\000n\000t}{subsection.5.13.2}
\BOOKMARK [3][-]{subsubsection.5.13.2.5}{\376\377\000l\000o\000o\000k\000u\000p\000I\000T\000y\000p\000e}{subsection.5.13.2}
\BOOKMARK [0][-]{chapter.6}{\376\377\000F\000i\000l\000e\000\040\000D\000o\000c\000u\000m\000e\000n\000t\000a\000t\000i\000o\000n}{}
\BOOKMARK [1][-]{section.6.1}{\376\377\000/\000m\000e\000d\000i\000a\000/\000D\000o\000c\000u\000m\000e\000n\000t\000s\000/\000D\000o\000c\000u\000m\000e\000n\000t\000s\000/\000D\000r\000o\000p\000b\000o\000x\000/\0001\0006\000\040\000-\000\040\000C\000o\000l\000l\000e\000g\000e\000\040\000-\000\040\000S\000e\000n\000i\000o\000r\000/\000C\000S\000\040\0004\0002\0007\000\040\000-\000\040\000S\000o\000f\000t\000w\000a\000r\000e\000\040\000E\000n\000g\000i\000n\000e\000e\000r\000i\000n\000g\000\040\000I\000/\000e\000d\000u\000.\000i\000l\000l\000i\000n\000o\000i\000s\000.\000c\000a\000n\000i\000s\000t\000e\000l\000C\000a\000s\000s\000a\000b\000a\000n\000a\000n\000a\000/\000s\000r\000c\000/\000e\000d\000u\000/\000i\000l\000l\000i\000n\000o\000i\000s\000/\000c\000a\000n\000i\000s\000t\000e\000l\000C\000a\000s\000s\000a\000b\000a\000n\000a\000n\000a\000/\000A\000c\000t\000i\000v\000a\000t\000o\000r\000.\000j\000a\000v\000a\000\040\000F\000i\000l\000e\000\040\000R\000e\000f\000e\000r\000e\000n\000c\000e}{chapter.6}
\BOOKMARK [1][-]{section.6.2}{\376\377\000/\000m\000e\000d\000i\000a\000/\000D\000o\000c\000u\000m\000e\000n\000t\000s\000/\000D\000o\000c\000u\000m\000e\000n\000t\000s\000/\000D\000r\000o\000p\000b\000o\000x\000/\0001\0006\000\040\000-\000\040\000C\000o\000l\000l\000e\000g\000e\000\040\000-\000\040\000S\000e\000n\000i\000o\000r\000/\000C\000S\000\040\0004\0002\0007\000\040\000-\000\040\000S\000o\000f\000t\000w\000a\000r\000e\000\040\000E\000n\000g\000i\000n\000e\000e\000r\000i\000n\000g\000\040\000I\000/\000e\000d\000u\000.\000i\000l\000l\000i\000n\000o\000i\000s\000.\000c\000a\000n\000i\000s\000t\000e\000l\000C\000a\000s\000s\000a\000b\000a\000n\000a\000n\000a\000/\000s\000r\000c\000/\000e\000d\000u\000/\000i\000l\000l\000i\000n\000o\000i\000s\000/\000c\000a\000n\000i\000s\000t\000e\000l\000C\000a\000s\000s\000a\000b\000a\000n\000a\000n\000a\000/\000R\000e\000m\000o\000v\000e\000D\000u\000p\000l\000i\000c\000a\000t\000e\000C\000o\000d\000e\000I\000n\000C\000o\000n\000s\000t\000r\000u\000c\000t\000o\000r\000s\000A\000c\000t\000i\000o\000n\000.\000j\000a\000v\000a\000\040\000F\000i\000l\000e\000\040\000R\000e\000f\000e\000r\000e\000n\000c\000e}{chapter.6}
\BOOKMARK [1][-]{section.6.3}{\376\377\000/\000m\000e\000d\000i\000a\000/\000D\000o\000c\000u\000m\000e\000n\000t\000s\000/\000D\000o\000c\000u\000m\000e\000n\000t\000s\000/\000D\000r\000o\000p\000b\000o\000x\000/\0001\0006\000\040\000-\000\040\000C\000o\000l\000l\000e\000g\000e\000\040\000-\000\040\000S\000e\000n\000i\000o\000r\000/\000C\000S\000\040\0004\0002\0007\000\040\000-\000\040\000S\000o\000f\000t\000w\000a\000r\000e\000\040\000E\000n\000g\000i\000n\000e\000e\000r\000i\000n\000g\000\040\000I\000/\000e\000d\000u\000.\000i\000l\000l\000i\000n\000o\000i\000s\000.\000c\000a\000n\000i\000s\000t\000e\000l\000C\000a\000s\000s\000a\000b\000a\000n\000a\000n\000a\000/\000s\000r\000c\000/\000e\000d\000u\000/\000i\000l\000l\000i\000n\000o\000i\000s\000/\000c\000a\000n\000i\000s\000t\000e\000l\000C\000a\000s\000s\000a\000b\000a\000n\000a\000n\000a\000/\000R\000e\000m\000o\000v\000e\000D\000u\000p\000l\000i\000c\000a\000t\000e\000C\000o\000d\000e\000I\000n\000C\000o\000n\000s\000t\000r\000u\000c\000t\000o\000r\000s\000C\000o\000n\000s\000t\000a\000n\000t\000s\000.\000j\000a\000v\000a\000\040\000F\000i\000l\000e\000\040\000R\000e\000f\000e\000r\000e\000n\000c\000e}{chapter.6}
\BOOKMARK [1][-]{section.6.4}{\376\377\000/\000m\000e\000d\000i\000a\000/\000D\000o\000c\000u\000m\000e\000n\000t\000s\000/\000D\000o\000c\000u\000m\000e\000n\000t\000s\000/\000D\000r\000o\000p\000b\000o\000x\000/\0001\0006\000\040\000-\000\040\000C\000o\000l\000l\000e\000g\000e\000\040\000-\000\040\000S\000e\000n\000i\000o\000r\000/\000C\000S\000\040\0004\0002\0007\000\040\000-\000\040\000S\000o\000f\000t\000w\000a\000r\000e\000\040\000E\000n\000g\000i\000n\000e\000e\000r\000i\000n\000g\000\040\000I\000/\000e\000d\000u\000.\000i\000l\000l\000i\000n\000o\000i\000s\000.\000c\000a\000n\000i\000s\000t\000e\000l\000C\000a\000s\000s\000a\000b\000a\000n\000a\000n\000a\000/\000s\000r\000c\000/\000e\000d\000u\000/\000i\000l\000l\000i\000n\000o\000i\000s\000/\000c\000a\000n\000i\000s\000t\000e\000l\000C\000a\000s\000s\000a\000b\000a\000n\000a\000n\000a\000/\000R\000e\000m\000o\000v\000e\000D\000u\000p\000l\000i\000c\000a\000t\000e\000C\000o\000d\000e\000I\000n\000C\000o\000n\000s\000t\000r\000u\000c\000t\000o\000r\000s\000D\000e\000s\000c\000r\000i\000p\000t\000o\000r\000.\000j\000a\000v\000a\000\040\000F\000i\000l\000e\000\040\000R\000e\000f\000e\000r\000e\000n\000c\000e}{chapter.6}
\BOOKMARK [1][-]{section.6.5}{\376\377\000/\000m\000e\000d\000i\000a\000/\000D\000o\000c\000u\000m\000e\000n\000t\000s\000/\000D\000o\000c\000u\000m\000e\000n\000t\000s\000/\000D\000r\000o\000p\000b\000o\000x\000/\0001\0006\000\040\000-\000\040\000C\000o\000l\000l\000e\000g\000e\000\040\000-\000\040\000S\000e\000n\000i\000o\000r\000/\000C\000S\000\040\0004\0002\0007\000\040\000-\000\040\000S\000o\000f\000t\000w\000a\000r\000e\000\040\000E\000n\000g\000i\000n\000e\000e\000r\000i\000n\000g\000\040\000I\000/\000e\000d\000u\000.\000i\000l\000l\000i\000n\000o\000i\000s\000.\000c\000a\000n\000i\000s\000t\000e\000l\000C\000a\000s\000s\000a\000b\000a\000n\000a\000n\000a\000/\000s\000r\000c\000/\000e\000d\000u\000/\000i\000l\000l\000i\000n\000o\000i\000s\000/\000c\000a\000n\000i\000s\000t\000e\000l\000C\000a\000s\000s\000a\000b\000a\000n\000a\000n\000a\000/\000R\000e\000m\000o\000v\000e\000D\000u\000p\000l\000i\000c\000a\000t\000e\000C\000o\000d\000e\000I\000n\000C\000o\000n\000s\000t\000r\000u\000c\000t\000o\000r\000s\000I\000n\000p\000u\000t\000P\000a\000g\000e\000.\000j\000a\000v\000a\000\040\000F\000i\000l\000e\000\040\000R\000e\000f\000e\000r\000e\000n\000c\000e}{chapter.6}
\BOOKMARK [1][-]{section.6.6}{\376\377\000/\000m\000e\000d\000i\000a\000/\000D\000o\000c\000u\000m\000e\000n\000t\000s\000/\000D\000o\000c\000u\000m\000e\000n\000t\000s\000/\000D\000r\000o\000p\000b\000o\000x\000/\0001\0006\000\040\000-\000\040\000C\000o\000l\000l\000e\000g\000e\000\040\000-\000\040\000S\000e\000n\000i\000o\000r\000/\000C\000S\000\040\0004\0002\0007\000\040\000-\000\040\000S\000o\000f\000t\000w\000a\000r\000e\000\040\000E\000n\000g\000i\000n\000e\000e\000r\000i\000n\000g\000\040\000I\000/\000e\000d\000u\000.\000i\000l\000l\000i\000n\000o\000i\000s\000.\000c\000a\000n\000i\000s\000t\000e\000l\000C\000a\000s\000s\000a\000b\000a\000n\000a\000n\000a\000/\000s\000r\000c\000/\000e\000d\000u\000/\000i\000l\000l\000i\000n\000o\000i\000s\000/\000c\000a\000n\000i\000s\000t\000e\000l\000C\000a\000s\000s\000a\000b\000a\000n\000a\000n\000a\000/\000R\000e\000m\000o\000v\000e\000D\000u\000p\000l\000i\000c\000a\000t\000e\000C\000o\000d\000e\000I\000n\000C\000o\000n\000s\000t\000r\000u\000c\000t\000o\000r\000s\000R\000e\000f\000a\000c\000t\000o\000r\000i\000n\000g\000.\000j\000a\000v\000a\000\040\000F\000i\000l\000e\000\040\000R\000e\000f\000e\000r\000e\000n\000c\000e}{chapter.6}
\BOOKMARK [1][-]{section.6.7}{\376\377\000/\000m\000e\000d\000i\000a\000/\000D\000o\000c\000u\000m\000e\000n\000t\000s\000/\000D\000o\000c\000u\000m\000e\000n\000t\000s\000/\000D\000r\000o\000p\000b\000o\000x\000/\0001\0006\000\040\000-\000\040\000C\000o\000l\000l\000e\000g\000e\000\040\000-\000\040\000S\000e\000n\000i\000o\000r\000/\000C\000S\000\040\0004\0002\0007\000\040\000-\000\040\000S\000o\000f\000t\000w\000a\000r\000e\000\040\000E\000n\000g\000i\000n\000e\000e\000r\000i\000n\000g\000\040\000I\000/\000e\000d\000u\000.\000i\000l\000l\000i\000n\000o\000i\000s\000.\000c\000a\000n\000i\000s\000t\000e\000l\000C\000a\000s\000s\000a\000b\000a\000n\000a\000n\000a\000/\000s\000r\000c\000/\000e\000d\000u\000/\000i\000l\000l\000i\000n\000o\000i\000s\000/\000c\000a\000n\000i\000s\000t\000e\000l\000C\000a\000s\000s\000a\000b\000a\000n\000a\000n\000a\000/\000R\000e\000m\000o\000v\000e\000D\000u\000p\000l\000i\000c\000a\000t\000e\000C\000o\000d\000e\000I\000n\000C\000o\000n\000s\000t\000r\000u\000c\000t\000o\000r\000s\000W\000i\000z\000a\000r\000d\000.\000j\000a\000v\000a\000\040\000F\000i\000l\000e\000\040\000R\000e\000f\000e\000r\000e\000n\000c\000e}{chapter.6}
\BOOKMARK [1][-]{section.6.8}{\376\377\000/\000m\000e\000d\000i\000a\000/\000D\000o\000c\000u\000m\000e\000n\000t\000s\000/\000D\000o\000c\000u\000m\000e\000n\000t\000s\000/\000D\000r\000o\000p\000b\000o\000x\000/\0001\0006\000\040\000-\000\040\000C\000o\000l\000l\000e\000g\000e\000\040\000-\000\040\000S\000e\000n\000i\000o\000r\000/\000C\000S\000\040\0004\0002\0007\000\040\000-\000\040\000S\000o\000f\000t\000w\000a\000r\000e\000\040\000E\000n\000g\000i\000n\000e\000e\000r\000i\000n\000g\000\040\000I\000/\000e\000d\000u\000.\000i\000l\000l\000i\000n\000o\000i\000s\000.\000c\000a\000n\000i\000s\000t\000e\000l\000C\000a\000s\000s\000a\000b\000a\000n\000a\000n\000a\000/\000s\000r\000c\000/\000e\000d\000u\000/\000i\000l\000l\000i\000n\000o\000i\000s\000/\000c\000a\000n\000i\000s\000t\000e\000l\000C\000a\000s\000s\000a\000b\000a\000n\000a\000n\000a\000/\000u\000t\000i\000l\000i\000t\000y\000/\000U\000t\000i\000l\000i\000t\000y\000.\000j\000a\000v\000a\000\040\000F\000i\000l\000e\000\040\000R\000e\000f\000e\000r\000e\000n\000c\000e}{chapter.6}
\BOOKMARK [1][-]{section.6.9}{\376\377\000/\000m\000e\000d\000i\000a\000/\000D\000o\000c\000u\000m\000e\000n\000t\000s\000/\000D\000o\000c\000u\000m\000e\000n\000t\000s\000/\000D\000r\000o\000p\000b\000o\000x\000/\0001\0006\000\040\000-\000\040\000C\000o\000l\000l\000e\000g\000e\000\040\000-\000\040\000S\000e\000n\000i\000o\000r\000/\000C\000S\000\040\0004\0002\0007\000\040\000-\000\040\000S\000o\000f\000t\000w\000a\000r\000e\000\040\000E\000n\000g\000i\000n\000e\000e\000r\000i\000n\000g\000\040\000I\000/\000e\000d\000u\000.\000i\000l\000l\000i\000n\000o\000i\000s\000.\000c\000a\000n\000i\000s\000t\000e\000l\000C\000a\000s\000s\000a\000b\000a\000n\000a\000n\000a\000/\000s\000r\000c\000/\000e\000d\000u\000/\000i\000l\000l\000i\000n\000o\000i\000s\000/\000c\000a\000n\000i\000s\000t\000e\000l\000C\000a\000s\000s\000a\000b\000a\000n\000a\000n\000a\000/\000v\000i\000s\000i\000t\000o\000r\000s\000/\000A\000s\000s\000i\000g\000n\000m\000e\000n\000t\000E\000x\000p\000r\000e\000s\000s\000i\000o\000n\000V\000i\000s\000i\000t\000o\000r\000.\000j\000a\000v\000a\000\040\000F\000i\000l\000e\000\040\000R\000e\000f\000e\000r\000e\000n\000c\000e}{chapter.6}
\BOOKMARK [1][-]{section.6.10}{\376\377\000/\000m\000e\000d\000i\000a\000/\000D\000o\000c\000u\000m\000e\000n\000t\000s\000/\000D\000o\000c\000u\000m\000e\000n\000t\000s\000/\000D\000r\000o\000p\000b\000o\000x\000/\0001\0006\000\040\000-\000\040\000C\000o\000l\000l\000e\000g\000e\000\040\000-\000\040\000S\000e\000n\000i\000o\000r\000/\000C\000S\000\040\0004\0002\0007\000\040\000-\000\040\000S\000o\000f\000t\000w\000a\000r\000e\000\040\000E\000n\000g\000i\000n\000e\000e\000r\000i\000n\000g\000\040\000I\000/\000e\000d\000u\000.\000i\000l\000l\000i\000n\000o\000i\000s\000.\000c\000a\000n\000i\000s\000t\000e\000l\000C\000a\000s\000s\000a\000b\000a\000n\000a\000n\000a\000/\000s\000r\000c\000/\000e\000d\000u\000/\000i\000l\000l\000i\000n\000o\000i\000s\000/\000c\000a\000n\000i\000s\000t\000e\000l\000C\000a\000s\000s\000a\000b\000a\000n\000a\000n\000a\000/\000v\000i\000s\000i\000t\000o\000r\000s\000/\000C\000o\000n\000s\000t\000r\000u\000c\000t\000o\000r\000D\000e\000c\000l\000a\000r\000a\000t\000i\000o\000n\000V\000i\000s\000i\000t\000o\000r\000.\000j\000a\000v\000a\000\040\000F\000i\000l\000e\000\040\000R\000e\000f\000e\000r\000e\000n\000c\000e}{chapter.6}
\BOOKMARK [1][-]{section.6.11}{\376\377\000/\000m\000e\000d\000i\000a\000/\000D\000o\000c\000u\000m\000e\000n\000t\000s\000/\000D\000o\000c\000u\000m\000e\000n\000t\000s\000/\000D\000r\000o\000p\000b\000o\000x\000/\0001\0006\000\040\000-\000\040\000C\000o\000l\000l\000e\000g\000e\000\040\000-\000\040\000S\000e\000n\000i\000o\000r\000/\000C\000S\000\040\0004\0002\0007\000\040\000-\000\040\000S\000o\000f\000t\000w\000a\000r\000e\000\040\000E\000n\000g\000i\000n\000e\000e\000r\000i\000n\000g\000\040\000I\000/\000e\000d\000u\000.\000i\000l\000l\000i\000n\000o\000i\000s\000.\000c\000a\000n\000i\000s\000t\000e\000l\000C\000a\000s\000s\000a\000b\000a\000n\000a\000n\000a\000/\000s\000r\000c\000/\000e\000d\000u\000/\000i\000l\000l\000i\000n\000o\000i\000s\000/\000c\000a\000n\000i\000s\000t\000e\000l\000C\000a\000s\000s\000a\000b\000a\000n\000a\000n\000a\000/\000v\000i\000s\000i\000t\000o\000r\000s\000/\000C\000o\000n\000s\000t\000r\000u\000c\000t\000o\000r\000I\000n\000v\000o\000c\000a\000t\000i\000o\000n\000V\000i\000s\000i\000t\000o\000r\000.\000j\000a\000v\000a\000\040\000F\000i\000l\000e\000\040\000R\000e\000f\000e\000r\000e\000n\000c\000e}{chapter.6}
\BOOKMARK [1][-]{section.6.12}{\376\377\000/\000m\000e\000d\000i\000a\000/\000D\000o\000c\000u\000m\000e\000n\000t\000s\000/\000D\000o\000c\000u\000m\000e\000n\000t\000s\000/\000D\000r\000o\000p\000b\000o\000x\000/\0001\0006\000\040\000-\000\040\000C\000o\000l\000l\000e\000g\000e\000\040\000-\000\040\000S\000e\000n\000i\000o\000r\000/\000C\000S\000\040\0004\0002\0007\000\040\000-\000\040\000S\000o\000f\000t\000w\000a\000r\000e\000\040\000E\000n\000g\000i\000n\000e\000e\000r\000i\000n\000g\000\040\000I\000/\000e\000d\000u\000.\000i\000l\000l\000i\000n\000o\000i\000s\000.\000c\000a\000n\000i\000s\000t\000e\000l\000C\000a\000s\000s\000a\000b\000a\000n\000a\000n\000a\000/\000s\000r\000c\000/\000e\000d\000u\000/\000i\000l\000l\000i\000n\000o\000i\000s\000/\000c\000a\000n\000i\000s\000t\000e\000l\000C\000a\000s\000s\000a\000b\000a\000n\000a\000n\000a\000/\000v\000i\000s\000i\000t\000o\000r\000s\000/\000F\000i\000e\000l\000d\000V\000a\000r\000i\000a\000b\000l\000e\000V\000i\000s\000i\000t\000o\000r\000.\000j\000a\000v\000a\000\040\000F\000i\000l\000e\000\040\000R\000e\000f\000e\000r\000e\000n\000c\000e}{chapter.6}
\BOOKMARK [1][-]{section.6.13}{\376\377\000/\000m\000e\000d\000i\000a\000/\000D\000o\000c\000u\000m\000e\000n\000t\000s\000/\000D\000o\000c\000u\000m\000e\000n\000t\000s\000/\000D\000r\000o\000p\000b\000o\000x\000/\0001\0006\000\040\000-\000\040\000C\000o\000l\000l\000e\000g\000e\000\040\000-\000\040\000S\000e\000n\000i\000o\000r\000/\000C\000S\000\040\0004\0002\0007\000\040\000-\000\040\000S\000o\000f\000t\000w\000a\000r\000e\000\040\000E\000n\000g\000i\000n\000e\000e\000r\000i\000n\000g\000\040\000I\000/\000e\000d\000u\000.\000i\000l\000l\000i\000n\000o\000i\000s\000.\000c\000a\000n\000i\000s\000t\000e\000l\000C\000a\000s\000s\000a\000b\000a\000n\000a\000n\000a\000/\000s\000r\000c\000/\000e\000d\000u\000/\000i\000l\000l\000i\000n\000o\000i\000s\000/\000c\000a\000n\000i\000s\000t\000e\000l\000C\000a\000s\000s\000a\000b\000a\000n\000a\000n\000a\000/\000v\000i\000s\000i\000t\000o\000r\000s\000/\000T\000y\000p\000e\000D\000e\000c\000l\000a\000r\000a\000t\000i\000o\000n\000V\000i\000s\000i\000t\000o\000r\000.\000j\000a\000v\000a\000\040\000F\000i\000l\000e\000\040\000R\000e\000f\000e\000r\000e\000n\000c\000e}{chapter.6}
